<?xml version="1.0" encoding="UTF-8"?>
<!-- Generated by org.testng.reporters.JUnitXMLReporter -->
<testsuite hostname="LAPTOP-RKQUPA26" ignored="0" name="Command line test" tests="4" failures="0" timestamp="2020-06-11T21:49:41 IST" time="0.124" errors="0">
  <testcase name="testCaseFour" time="0.024" classname="june11th.Test_TC01"/>
  <testcase name="testCaseOne" time="0.0" classname="june11th.Test_TC01"/>
  <testcase name="testCaseThree" time="0.002" classname="june11th.Test_TC01"/>
  <testcase name="testCaseTwo" time="0.001" classname="june11th.Test_TC01"/>
</testsuite> <!-- Command line test -->
